<?xml version="1.0" encoding="UTF-8"?>
<!-- Generated by org.testng.reporters.JUnitReportReporter -->
<testsuite skipped="0" hostname="DESKTOP-N0AFF1U" name="testngpractice.PriorityTestcase" tests="3" failures="0" timestamp="2020-11-25T16:59:00 CST" time="0.028" errors="0">
  <testcase name="tc003" time="0.023" classname="testngpractice.PriorityTestcase"/>
  <system-out/>
  <testcase name="tc001" time="0.002" classname="testngpractice.PriorityTestcase"/>
  <system-out/>
  <testcase name="tc002" time="0.003" classname="testngpractice.PriorityTestcase"/>
  <system-out/>
</testsuite> <!-- testngpractice.PriorityTestcase -->
