<?xml version="1.0" encoding="UTF-8"?>
<!-- Generated by org.testng.reporters.JUnitReportReporter -->
<testsuite skipped="0" hostname="DESKTOP-N0AFF1U" name="testngpractice.OrangeHRMLogin" tests="1" failures="0" timestamp="2020-11-26T00:00:16 CST" time="8.744" errors="0">
  <testcase name="loginapp" time="8.744" classname="testngpractice.OrangeHRMLogin"/>
  <system-out/>
</testsuite> <!-- testngpractice.OrangeHRMLogin -->
