<?xml version="1.0" encoding="UTF-8"?>
<!-- Generated by org.testng.reporters.JUnitReportReporter -->
<testsuite skipped="0" hostname="DESKTOP-N0AFF1U" name="testngpractice.NewTest" tests="3" failures="0" timestamp="2020-11-25T14:58:37 CST" time="0.034" errors="0">
  <testcase name="tc003" time="0.013" classname="testngpractice.NewTest"/>
  <system-out/>
  <testcase name="tc001" time="0.015" classname="testngpractice.NewTest"/>
  <system-out/>
  <testcase name="tc002" time="0.006" classname="testngpractice.NewTest"/>
  <system-out/>
</testsuite> <!-- testngpractice.NewTest -->
