<?xml version="1.0" encoding="UTF-8"?>
<!-- Generated by org.testng.reporters.JUnitReportReporter -->
<testsuite skipped="0" hostname="DESKTOP-N0AFF1U" name="testngpractice.parallelexceution" tests="3" failures="0" timestamp="2020-11-25T17:34:55 CST" time="0.039" errors="0">
  <testcase name="tc001" time="0.019" classname="testngpractice.parallelexceution"/>
  <system-out/>
  <testcase name="tc002" time="0.009" classname="testngpractice.parallelexceution"/>
  <system-out/>
  <testcase name="tc003" time="0.011" classname="testngpractice.parallelexceution"/>
  <system-out/>
</testsuite> <!-- testngpractice.parallelexceution -->
