<?xml version="1.0" encoding="UTF-8"?>
<!-- Generated by org.testng.reporters.JUnitReportReporter -->
<testsuite skipped="0" hostname="DESKTOP-N0AFF1U" name="testngpractice.ct2a" tests="1" failures="0" timestamp="2020-11-26T00:00:16 CST" time="5.129" errors="0">
  <testcase name="loginApp" time="5.129" classname="testngpractice.ct2a"/>
  <system-out/>
</testsuite> <!-- testngpractice.ct2a -->
