<?xml version="1.0" encoding="UTF-8"?>
<!-- Generated by org.testng.reporters.JUnitReportReporter -->
<testsuite skipped="0" hostname="DESKTOP-N0AFF1U" name="testngpractice.parallelexecution1" tests="3" failures="0" timestamp="2020-11-25T17:20:10 CST" time="0.036" errors="0">
  <testcase name="tc004" time="0.020" classname="testngpractice.parallelexecution1"/>
  <system-out/>
  <testcase name="tc005" time="0.008" classname="testngpractice.parallelexecution1"/>
  <system-out/>
  <testcase name="tc006" time="0.008" classname="testngpractice.parallelexecution1"/>
  <system-out/>
</testsuite> <!-- testngpractice.parallelexecution1 -->
