<?xml version="1.0" encoding="UTF-8"?>
<!-- Generated by org.testng.reporters.JUnitReportReporter -->
<testsuite skipped="0" hostname="DESKTOP-N0AFF1U" name="testNg.NewTest" tests="1" failures="0" timestamp="2020-11-25T13:40:11 CST" time="0.033" errors="0">
  <testcase name="f" time="0.033" classname="testNg.NewTest"/>
  <system-out/>
</testsuite> <!-- testNg.NewTest -->
